<?xml version="1.0" encoding="UTF-8"?>
<testsuite xmlns:xsi="http://www.w3.org/2001/XMLSchema-instance" xsi:noNamespaceSchemaLocation="https://maven.apache.org/surefire/maven-surefire-plugin/xsd/surefire-test-report-3.0.xsd" version="3.0" name="framework.page.TestRunner" time="13.496" tests="4" errors="0" skipped="0" failures="0">
  <properties>
    <property name="java.specification.version" value="17"/>
    <property name="webdriver.chrome.driver" value="src/test/resources/chromedriver.exe"/>
    <property name="sun.cpu.isalist" value="amd64"/>
    <property name="sun.jnu.encoding" value="Cp1251"/>
    <property name="java.class.path" value="F:\JAVA\newcucumber\target\test-classes;F:\JAVA\newcucumber\target\classes;C:\Users\slawa\.m2\repository\com\h2database\h2\2.2.224\h2-2.2.224.jar;C:\Users\slawa\.m2\repository\com\fasterxml\jackson\core\jackson-databind\2.15.2\jackson-databind-2.15.2.jar;C:\Users\slawa\.m2\repository\com\fasterxml\jackson\core\jackson-annotations\2.15.2\jackson-annotations-2.15.2.jar;C:\Users\slawa\.m2\repository\com\fasterxml\jackson\core\jackson-core\2.15.2\jackson-core-2.15.2.jar;C:\Users\slawa\.m2\repository\org\seleniumhq\selenium\selenium-java\3.141.59\selenium-java-3.141.59.jar;C:\Users\slawa\.m2\repository\org\seleniumhq\selenium\selenium-api\3.141.59\selenium-api-3.141.59.jar;C:\Users\slawa\.m2\repository\org\seleniumhq\selenium\selenium-chrome-driver\3.141.59\selenium-chrome-driver-3.141.59.jar;C:\Users\slawa\.m2\repository\org\seleniumhq\selenium\selenium-edge-driver\3.141.59\selenium-edge-driver-3.141.59.jar;C:\Users\slawa\.m2\repository\org\seleniumhq\selenium\selenium-firefox-driver\3.141.59\selenium-firefox-driver-3.141.59.jar;C:\Users\slawa\.m2\repository\org\seleniumhq\selenium\selenium-ie-driver\3.141.59\selenium-ie-driver-3.141.59.jar;C:\Users\slawa\.m2\repository\org\seleniumhq\selenium\selenium-opera-driver\3.141.59\selenium-opera-driver-3.141.59.jar;C:\Users\slawa\.m2\repository\org\seleniumhq\selenium\selenium-remote-driver\3.141.59\selenium-remote-driver-3.141.59.jar;C:\Users\slawa\.m2\repository\org\seleniumhq\selenium\selenium-safari-driver\3.141.59\selenium-safari-driver-3.141.59.jar;C:\Users\slawa\.m2\repository\org\seleniumhq\selenium\selenium-support\3.141.59\selenium-support-3.141.59.jar;C:\Users\slawa\.m2\repository\net\bytebuddy\byte-buddy\1.8.15\byte-buddy-1.8.15.jar;C:\Users\slawa\.m2\repository\org\apache\commons\commons-exec\1.3\commons-exec-1.3.jar;C:\Users\slawa\.m2\repository\com\google\guava\guava\25.0-jre\guava-25.0-jre.jar;C:\Users\slawa\.m2\repository\com\google\code\findbugs\jsr305\1.3.9\jsr305-1.3.9.jar;C:\Users\slawa\.m2\repository\org\checkerframework\checker-compat-qual\2.0.0\checker-compat-qual-2.0.0.jar;C:\Users\slawa\.m2\repository\com\google\errorprone\error_prone_annotations\2.1.3\error_prone_annotations-2.1.3.jar;C:\Users\slawa\.m2\repository\com\google\j2objc\j2objc-annotations\1.1\j2objc-annotations-1.1.jar;C:\Users\slawa\.m2\repository\org\codehaus\mojo\animal-sniffer-annotations\1.14\animal-sniffer-annotations-1.14.jar;C:\Users\slawa\.m2\repository\com\squareup\okhttp3\okhttp\3.11.0\okhttp-3.11.0.jar;C:\Users\slawa\.m2\repository\com\squareup\okio\okio\1.14.0\okio-1.14.0.jar;C:\Users\slawa\.m2\repository\org\junit\jupiter\junit-jupiter\5.9.3\junit-jupiter-5.9.3.jar;C:\Users\slawa\.m2\repository\org\junit\jupiter\junit-jupiter-api\5.9.3\junit-jupiter-api-5.9.3.jar;C:\Users\slawa\.m2\repository\org\opentest4j\opentest4j\1.2.0\opentest4j-1.2.0.jar;C:\Users\slawa\.m2\repository\org\junit\platform\junit-platform-commons\1.9.3\junit-platform-commons-1.9.3.jar;C:\Users\slawa\.m2\repository\org\junit\jupiter\junit-jupiter-params\5.9.3\junit-jupiter-params-5.9.3.jar;C:\Users\slawa\.m2\repository\org\junit\jupiter\junit-jupiter-engine\5.9.3\junit-jupiter-engine-5.9.3.jar;C:\Users\slawa\.m2\repository\io\rest-assured\rest-assured\4.4.0\rest-assured-4.4.0.jar;C:\Users\slawa\.m2\repository\org\codehaus\groovy\groovy\3.0.8\groovy-3.0.8.jar;C:\Users\slawa\.m2\repository\org\codehaus\groovy\groovy-xml\3.0.8\groovy-xml-3.0.8.jar;C:\Users\slawa\.m2\repository\org\apache\httpcomponents\httpclient\4.5.13\httpclient-4.5.13.jar;C:\Users\slawa\.m2\repository\org\apache\httpcomponents\httpcore\4.4.13\httpcore-4.4.13.jar;C:\Users\slawa\.m2\repository\commons-logging\commons-logging\1.2\commons-logging-1.2.jar;C:\Users\slawa\.m2\repository\commons-codec\commons-codec\1.11\commons-codec-1.11.jar;C:\Users\slawa\.m2\repository\org\apache\httpcomponents\httpmime\4.5.13\httpmime-4.5.13.jar;C:\Users\slawa\.m2\repository\org\hamcrest\hamcrest\2.1\hamcrest-2.1.jar;C:\Users\slawa\.m2\repository\org\ccil\cowan\tagsoup\tagsoup\1.2.1\tagsoup-1.2.1.jar;C:\Users\slawa\.m2\repository\io\rest-assured\json-path\4.4.0\json-path-4.4.0.jar;C:\Users\slawa\.m2\repository\org\codehaus\groovy\groovy-json\3.0.8\groovy-json-3.0.8.jar;C:\Users\slawa\.m2\repository\io\rest-assured\rest-assured-common\4.4.0\rest-assured-common-4.4.0.jar;C:\Users\slawa\.m2\repository\io\rest-assured\xml-path\4.4.0\xml-path-4.4.0.jar;C:\Users\slawa\.m2\repository\org\apache\commons\commons-lang3\3.11\commons-lang3-3.11.jar;C:\Users\slawa\.m2\repository\jakarta\xml\bind\jakarta.xml.bind-api\2.3.3\jakarta.xml.bind-api-2.3.3.jar;C:\Users\slawa\.m2\repository\jakarta\activation\jakarta.activation-api\1.2.2\jakarta.activation-api-1.2.2.jar;C:\Users\slawa\.m2\repository\com\sun\xml\bind\jaxb-impl\2.3.3\jaxb-impl-2.3.3.jar;C:\Users\slawa\.m2\repository\org\junit\platform\junit-platform-suite\1.9.3\junit-platform-suite-1.9.3.jar;C:\Users\slawa\.m2\repository\org\junit\platform\junit-platform-suite-api\1.9.3\junit-platform-suite-api-1.9.3.jar;C:\Users\slawa\.m2\repository\org\junit\platform\junit-platform-suite-engine\1.9.3\junit-platform-suite-engine-1.9.3.jar;C:\Users\slawa\.m2\repository\org\junit\platform\junit-platform-suite-commons\1.9.3\junit-platform-suite-commons-1.9.3.jar;C:\Users\slawa\.m2\repository\io\cucumber\cucumber-core\7.13.0\cucumber-core-7.13.0.jar;C:\Users\slawa\.m2\repository\io\cucumber\cucumber-gherkin\7.13.0\cucumber-gherkin-7.13.0.jar;C:\Users\slawa\.m2\repository\io\cucumber\cucumber-gherkin-messages\7.13.0\cucumber-gherkin-messages-7.13.0.jar;C:\Users\slawa\.m2\repository\io\cucumber\messages\22.0.0\messages-22.0.0.jar;C:\Users\slawa\.m2\repository\io\cucumber\tag-expressions\5.0.1\tag-expressions-5.0.1.jar;C:\Users\slawa\.m2\repository\io\cucumber\cucumber-expressions\16.1.2\cucumber-expressions-16.1.2.jar;C:\Users\slawa\.m2\repository\io\cucumber\datatable\7.13.0\datatable-7.13.0.jar;C:\Users\slawa\.m2\repository\io\cucumber\cucumber-plugin\7.13.0\cucumber-plugin-7.13.0.jar;C:\Users\slawa\.m2\repository\io\cucumber\docstring\7.13.0\docstring-7.13.0.jar;C:\Users\slawa\.m2\repository\io\cucumber\html-formatter\20.3.1\html-formatter-20.3.1.jar;C:\Users\slawa\.m2\repository\io\cucumber\junit-xml-formatter\0.2.0\junit-xml-formatter-0.2.0.jar;C:\Users\slawa\.m2\repository\io\cucumber\ci-environment\9.2.0\ci-environment-9.2.0.jar;C:\Users\slawa\.m2\repository\org\apiguardian\apiguardian-api\1.1.2\apiguardian-api-1.1.2.jar;C:\Users\slawa\.m2\repository\io\cucumber\cucumber-java\7.13.0\cucumber-java-7.13.0.jar;C:\Users\slawa\.m2\repository\io\cucumber\cucumber-junit-platform-engine\7.13.0\cucumber-junit-platform-engine-7.13.0.jar;C:\Users\slawa\.m2\repository\org\junit\platform\junit-platform-engine\1.9.3\junit-platform-engine-1.9.3.jar;C:\Users\slawa\.m2\repository\io\qameta\allure\allure-cucumber7-jvm\2.25.0\allure-cucumber7-jvm-2.25.0.jar;C:\Users\slawa\.m2\repository\io\qameta\allure\allure-java-commons\2.25.0\allure-java-commons-2.25.0.jar;C:\Users\slawa\.m2\repository\org\slf4j\slf4j-api\1.7.36\slf4j-api-1.7.36.jar;C:\Users\slawa\.m2\repository\io\qameta\allure\allure-model\2.25.0\allure-model-2.25.0.jar;C:\Users\slawa\.m2\repository\io\cucumber\gherkin\26.2.0\gherkin-26.2.0.jar;C:\Users\slawa\.m2\repository\io\qameta\allure\allure-junit5\2.25.0\allure-junit5-2.25.0.jar;C:\Users\slawa\.m2\repository\io\qameta\allure\allure-junit-platform\2.25.0\allure-junit-platform-2.25.0.jar;C:\Users\slawa\.m2\repository\io\qameta\allure\allure-test-filter\2.25.0\allure-test-filter-2.25.0.jar;C:\Users\slawa\.m2\repository\org\junit\platform\junit-platform-launcher\1.9.2\junit-platform-launcher-1.9.2.jar;C:\Users\slawa\.m2\repository\org\aspectj\aspectjweaver\1.9.20\aspectjweaver-1.9.20.jar;"/>
    <property name="java.vm.vendor" value="Oracle Corporation"/>
    <property name="sun.arch.data.model" value="64"/>
    <property name="user.variant" value=""/>
    <property name="java.vendor.url" value="https://java.oracle.com/"/>
    <property name="user.timezone" value="Europe/Samara"/>
    <property name="os.name" value="Windows 10"/>
    <property name="java.vm.specification.version" value="17"/>
    <property name="sun.java.launcher" value="SUN_STANDARD"/>
    <property name="user.country" value="RU"/>
    <property name="sun.boot.library.path" value="C:\Program Files\Java\jdk-17\bin"/>
    <property name="sun.java.command" value="C:\Users\slawa\AppData\Local\Temp\surefire15519849781566590119\surefirebooter-20240123024144936_3.jar C:\Users\slawa\AppData\Local\Temp\surefire15519849781566590119 2024-01-23T02-41-44_792-jvmRun1 surefire-20240123024144936_1tmp surefire_0-20240123024144936_2tmp"/>
    <property name="jdk.debug" value="release"/>
    <property name="surefire.test.class.path" value="F:\JAVA\newcucumber\target\test-classes;F:\JAVA\newcucumber\target\classes;C:\Users\slawa\.m2\repository\com\h2database\h2\2.2.224\h2-2.2.224.jar;C:\Users\slawa\.m2\repository\com\fasterxml\jackson\core\jackson-databind\2.15.2\jackson-databind-2.15.2.jar;C:\Users\slawa\.m2\repository\com\fasterxml\jackson\core\jackson-annotations\2.15.2\jackson-annotations-2.15.2.jar;C:\Users\slawa\.m2\repository\com\fasterxml\jackson\core\jackson-core\2.15.2\jackson-core-2.15.2.jar;C:\Users\slawa\.m2\repository\org\seleniumhq\selenium\selenium-java\3.141.59\selenium-java-3.141.59.jar;C:\Users\slawa\.m2\repository\org\seleniumhq\selenium\selenium-api\3.141.59\selenium-api-3.141.59.jar;C:\Users\slawa\.m2\repository\org\seleniumhq\selenium\selenium-chrome-driver\3.141.59\selenium-chrome-driver-3.141.59.jar;C:\Users\slawa\.m2\repository\org\seleniumhq\selenium\selenium-edge-driver\3.141.59\selenium-edge-driver-3.141.59.jar;C:\Users\slawa\.m2\repository\org\seleniumhq\selenium\selenium-firefox-driver\3.141.59\selenium-firefox-driver-3.141.59.jar;C:\Users\slawa\.m2\repository\org\seleniumhq\selenium\selenium-ie-driver\3.141.59\selenium-ie-driver-3.141.59.jar;C:\Users\slawa\.m2\repository\org\seleniumhq\selenium\selenium-opera-driver\3.141.59\selenium-opera-driver-3.141.59.jar;C:\Users\slawa\.m2\repository\org\seleniumhq\selenium\selenium-remote-driver\3.141.59\selenium-remote-driver-3.141.59.jar;C:\Users\slawa\.m2\repository\org\seleniumhq\selenium\selenium-safari-driver\3.141.59\selenium-safari-driver-3.141.59.jar;C:\Users\slawa\.m2\repository\org\seleniumhq\selenium\selenium-support\3.141.59\selenium-support-3.141.59.jar;C:\Users\slawa\.m2\repository\net\bytebuddy\byte-buddy\1.8.15\byte-buddy-1.8.15.jar;C:\Users\slawa\.m2\repository\org\apache\commons\commons-exec\1.3\commons-exec-1.3.jar;C:\Users\slawa\.m2\repository\com\google\guava\guava\25.0-jre\guava-25.0-jre.jar;C:\Users\slawa\.m2\repository\com\google\code\findbugs\jsr305\1.3.9\jsr305-1.3.9.jar;C:\Users\slawa\.m2\repository\org\checkerframework\checker-compat-qual\2.0.0\checker-compat-qual-2.0.0.jar;C:\Users\slawa\.m2\repository\com\google\errorprone\error_prone_annotations\2.1.3\error_prone_annotations-2.1.3.jar;C:\Users\slawa\.m2\repository\com\google\j2objc\j2objc-annotations\1.1\j2objc-annotations-1.1.jar;C:\Users\slawa\.m2\repository\org\codehaus\mojo\animal-sniffer-annotations\1.14\animal-sniffer-annotations-1.14.jar;C:\Users\slawa\.m2\repository\com\squareup\okhttp3\okhttp\3.11.0\okhttp-3.11.0.jar;C:\Users\slawa\.m2\repository\com\squareup\okio\okio\1.14.0\okio-1.14.0.jar;C:\Users\slawa\.m2\repository\org\junit\jupiter\junit-jupiter\5.9.3\junit-jupiter-5.9.3.jar;C:\Users\slawa\.m2\repository\org\junit\jupiter\junit-jupiter-api\5.9.3\junit-jupiter-api-5.9.3.jar;C:\Users\slawa\.m2\repository\org\opentest4j\opentest4j\1.2.0\opentest4j-1.2.0.jar;C:\Users\slawa\.m2\repository\org\junit\platform\junit-platform-commons\1.9.3\junit-platform-commons-1.9.3.jar;C:\Users\slawa\.m2\repository\org\junit\jupiter\junit-jupiter-params\5.9.3\junit-jupiter-params-5.9.3.jar;C:\Users\slawa\.m2\repository\org\junit\jupiter\junit-jupiter-engine\5.9.3\junit-jupiter-engine-5.9.3.jar;C:\Users\slawa\.m2\repository\io\rest-assured\rest-assured\4.4.0\rest-assured-4.4.0.jar;C:\Users\slawa\.m2\repository\org\codehaus\groovy\groovy\3.0.8\groovy-3.0.8.jar;C:\Users\slawa\.m2\repository\org\codehaus\groovy\groovy-xml\3.0.8\groovy-xml-3.0.8.jar;C:\Users\slawa\.m2\repository\org\apache\httpcomponents\httpclient\4.5.13\httpclient-4.5.13.jar;C:\Users\slawa\.m2\repository\org\apache\httpcomponents\httpcore\4.4.13\httpcore-4.4.13.jar;C:\Users\slawa\.m2\repository\commons-logging\commons-logging\1.2\commons-logging-1.2.jar;C:\Users\slawa\.m2\repository\commons-codec\commons-codec\1.11\commons-codec-1.11.jar;C:\Users\slawa\.m2\repository\org\apache\httpcomponents\httpmime\4.5.13\httpmime-4.5.13.jar;C:\Users\slawa\.m2\repository\org\hamcrest\hamcrest\2.1\hamcrest-2.1.jar;C:\Users\slawa\.m2\repository\org\ccil\cowan\tagsoup\tagsoup\1.2.1\tagsoup-1.2.1.jar;C:\Users\slawa\.m2\repository\io\rest-assured\json-path\4.4.0\json-path-4.4.0.jar;C:\Users\slawa\.m2\repository\org\codehaus\groovy\groovy-json\3.0.8\groovy-json-3.0.8.jar;C:\Users\slawa\.m2\repository\io\rest-assured\rest-assured-common\4.4.0\rest-assured-common-4.4.0.jar;C:\Users\slawa\.m2\repository\io\rest-assured\xml-path\4.4.0\xml-path-4.4.0.jar;C:\Users\slawa\.m2\repository\org\apache\commons\commons-lang3\3.11\commons-lang3-3.11.jar;C:\Users\slawa\.m2\repository\jakarta\xml\bind\jakarta.xml.bind-api\2.3.3\jakarta.xml.bind-api-2.3.3.jar;C:\Users\slawa\.m2\repository\jakarta\activation\jakarta.activation-api\1.2.2\jakarta.activation-api-1.2.2.jar;C:\Users\slawa\.m2\repository\com\sun\xml\bind\jaxb-impl\2.3.3\jaxb-impl-2.3.3.jar;C:\Users\slawa\.m2\repository\org\junit\platform\junit-platform-suite\1.9.3\junit-platform-suite-1.9.3.jar;C:\Users\slawa\.m2\repository\org\junit\platform\junit-platform-suite-api\1.9.3\junit-platform-suite-api-1.9.3.jar;C:\Users\slawa\.m2\repository\org\junit\platform\junit-platform-suite-engine\1.9.3\junit-platform-suite-engine-1.9.3.jar;C:\Users\slawa\.m2\repository\org\junit\platform\junit-platform-suite-commons\1.9.3\junit-platform-suite-commons-1.9.3.jar;C:\Users\slawa\.m2\repository\io\cucumber\cucumber-core\7.13.0\cucumber-core-7.13.0.jar;C:\Users\slawa\.m2\repository\io\cucumber\cucumber-gherkin\7.13.0\cucumber-gherkin-7.13.0.jar;C:\Users\slawa\.m2\repository\io\cucumber\cucumber-gherkin-messages\7.13.0\cucumber-gherkin-messages-7.13.0.jar;C:\Users\slawa\.m2\repository\io\cucumber\messages\22.0.0\messages-22.0.0.jar;C:\Users\slawa\.m2\repository\io\cucumber\tag-expressions\5.0.1\tag-expressions-5.0.1.jar;C:\Users\slawa\.m2\repository\io\cucumber\cucumber-expressions\16.1.2\cucumber-expressions-16.1.2.jar;C:\Users\slawa\.m2\repository\io\cucumber\datatable\7.13.0\datatable-7.13.0.jar;C:\Users\slawa\.m2\repository\io\cucumber\cucumber-plugin\7.13.0\cucumber-plugin-7.13.0.jar;C:\Users\slawa\.m2\repository\io\cucumber\docstring\7.13.0\docstring-7.13.0.jar;C:\Users\slawa\.m2\repository\io\cucumber\html-formatter\20.3.1\html-formatter-20.3.1.jar;C:\Users\slawa\.m2\repository\io\cucumber\junit-xml-formatter\0.2.0\junit-xml-formatter-0.2.0.jar;C:\Users\slawa\.m2\repository\io\cucumber\ci-environment\9.2.0\ci-environment-9.2.0.jar;C:\Users\slawa\.m2\repository\org\apiguardian\apiguardian-api\1.1.2\apiguardian-api-1.1.2.jar;C:\Users\slawa\.m2\repository\io\cucumber\cucumber-java\7.13.0\cucumber-java-7.13.0.jar;C:\Users\slawa\.m2\repository\io\cucumber\cucumber-junit-platform-engine\7.13.0\cucumber-junit-platform-engine-7.13.0.jar;C:\Users\slawa\.m2\repository\org\junit\platform\junit-platform-engine\1.9.3\junit-platform-engine-1.9.3.jar;C:\Users\slawa\.m2\repository\io\qameta\allure\allure-cucumber7-jvm\2.25.0\allure-cucumber7-jvm-2.25.0.jar;C:\Users\slawa\.m2\repository\io\qameta\allure\allure-java-commons\2.25.0\allure-java-commons-2.25.0.jar;C:\Users\slawa\.m2\repository\org\slf4j\slf4j-api\1.7.36\slf4j-api-1.7.36.jar;C:\Users\slawa\.m2\repository\io\qameta\allure\allure-model\2.25.0\allure-model-2.25.0.jar;C:\Users\slawa\.m2\repository\io\cucumber\gherkin\26.2.0\gherkin-26.2.0.jar;C:\Users\slawa\.m2\repository\io\qameta\allure\allure-junit5\2.25.0\allure-junit5-2.25.0.jar;C:\Users\slawa\.m2\repository\io\qameta\allure\allure-junit-platform\2.25.0\allure-junit-platform-2.25.0.jar;C:\Users\slawa\.m2\repository\io\qameta\allure\allure-test-filter\2.25.0\allure-test-filter-2.25.0.jar;C:\Users\slawa\.m2\repository\org\junit\platform\junit-platform-launcher\1.9.2\junit-platform-launcher-1.9.2.jar;C:\Users\slawa\.m2\repository\org\aspectj\aspectjweaver\1.9.20\aspectjweaver-1.9.20.jar;"/>
    <property name="allure.results.directory" value="F:\JAVA\newcucumber\target/reports/allure-results"/>
    <property name="sun.cpu.endian" value="little"/>
    <property name="user.home" value="C:\Users\slawa"/>
    <property name="user.language" value="ru"/>
    <property name="java.specification.vendor" value="Oracle Corporation"/>
    <property name="java.version.date" value="2023-07-18"/>
    <property name="java.home" value="C:\Program Files\Java\jdk-17"/>
    <property name="file.separator" value="\"/>
    <property name="basedir" value="F:\JAVA\newcucumber"/>
    <property name="java.vm.compressedOopsMode" value="32-bit"/>
    <property name="line.separator" value="&#10;"/>
    <property name="java.vm.specification.vendor" value="Oracle Corporation"/>
    <property name="java.specification.name" value="Java Platform API Specification"/>
    <property name="surefire.real.class.path" value="C:\Users\slawa\AppData\Local\Temp\surefire15519849781566590119\surefirebooter-20240123024144936_3.jar"/>
    <property name="user.script" value=""/>
    <property name="sun.management.compiler" value="HotSpot 64-Bit Tiered Compilers"/>
    <property name="java.runtime.version" value="17.0.8+9-LTS-211"/>
    <property name="user.name" value="slawa"/>
    <property name="path.separator" value=";"/>
    <property name="os.version" value="10.0"/>
    <property name="java.runtime.name" value="Java(TM) SE Runtime Environment"/>
    <property name="file.encoding" value="Cp1251"/>
    <property name="java.vm.name" value="Java HotSpot(TM) 64-Bit Server VM"/>
    <property name="localRepository" value="C:\Users\slawa\.m2\repository"/>
    <property name="java.vendor.url.bug" value="https://bugreport.java.com/bugreport/"/>
    <property name="java.io.tmpdir" value="C:\Users\slawa\AppData\Local\Temp\"/>
    <property name="idea.version" value="2023.1.4"/>
    <property name="java.version" value="17.0.8"/>
    <property name="user.dir" value="F:\JAVA\newcucumber"/>
    <property name="os.arch" value="amd64"/>
    <property name="java.vm.specification.name" value="Java Virtual Machine Specification"/>
    <property name="sun.os.patch.level" value=""/>
    <property name="native.encoding" value="Cp1251"/>
    <property name="java.library.path" value="C:\Program Files\Java\jdk-17\bin;C:\Windows\Sun\Java\bin;C:\Windows\system32;C:\Windows;C:\Program Files\Microsoft MPI\Bin\;C:\Program Files\Common Files\Oracle\Java\javapath;F:\QA\мавен\apache-maven-3.9.3;C:\Program Files\maven\apache-maven-3.9.3\bin;C:\Program Files\PuTTY\;C:\Program Files (x86)\Microsoft SQL Server\160\Tools\Binn\;C:\Program Files\Microsoft SQL Server\160\Tools\Binn\;C:\Program Files\Microsoft SQL Server\Client SDK\ODBC\170\Tools\Binn\;C:\Program Files\Microsoft SQL Server\160\DTS\Binn\;C:\Program Files (x86)\Microsoft SQL Server\160\DTS\Binn\;C:\Program Files\Azure Data Studio\bin;C:\Program Files\Git\cmd;C:\Program Files\Git\mingw64\bin;C:\Program Files\Git\usr\bin;C:\Users\slawa\AppData\Local\Programs\Python\Python311\Scripts\;C:\Users\slawa\AppData\Local\Programs\Python\Python311\;C:\Users\slawa\AppData\Local\Microsoft\WindowsApps;F:\QA\визуал студия\Microsoft VS Code\bin;F:\JAVA\IntelliJ IDEA Community Edition 2022.3.3\bin;;C:\Windows\System32;C:\Program Files\Azure Data Studio\bin;&quot;C:\Program Files\Java\jdk-11.0.17&quot;\bin;;."/>
    <property name="junit.jupiter.extensions.autodetection.enabled" value="true"/>
    <property name="java.vm.info" value="mixed mode, sharing"/>
    <property name="java.vendor" value="Oracle Corporation"/>
    <property name="java.vm.version" value="17.0.8+9-LTS-211"/>
    <property name="sun.io.unicode.encoding" value="UnicodeLittle"/>
    <property name="java.class.version" value="61.0"/>
  </properties>
  <testcase name="Успешное добавление новых строк в БД - сценарий 1" classname="Добавление в бд" time="1.03">
    <system-out><![CDATA[
@DB
РЎС†РµРЅР°СЂРёР№: РЈСЃРїРµС€РЅРѕРµ РґРѕР±Р°РІР»РµРЅРёРµ РЅРѕРІС‹С… СЃС‚СЂРѕРє РІ Р‘Р” - СЃС†РµРЅР°СЂРёР№ 1 &amp#27;[90m# src/test/resources/features/dbtest.feature:7&amp#27;[0m
  &amp#27;[32m* &amp#27;[0m&amp#27;[32mРџРѕР»СѓС‡РµРЅРЅР° Р±Рґ&amp#27;[0m                                            &amp#27;[90m# framework.steps.stepbd.hehe()&amp#27;[0m
  &amp#27;[32m* &amp#27;[0m&amp#27;[32mРґРѕР±Р°РІРёС‚СЊ "&amp#27;[0m&amp#27;[32m&amp#27;[1mРњР°РЅРґР°СЂРёРЅ&amp#27;[0m&amp#27;[32m", &amp#27;[0m&amp#27;[32m&amp#27;[1mFRUIT&amp#27;[0m&amp#27;[32m, &amp#27;[0m&amp#27;[32m&amp#27;[1mtrue&amp#27;[0m                        &amp#27;[90m# framework.steps.stepbd.add(java.lang.String,java.lang.String,java.lang.String)&amp#27;[0m
  &amp#27;[32m* &amp#27;[0m&amp#27;[32mРџРѕР»СѓС‡РёС‚СЊ Р‘Р” СЃ РЅРѕРІС‹РјРё С‚РѕРІР°СЂР°РјРё&amp#27;[0m                           &amp#27;[90m# framework.steps.stepbd.save()&amp#27;[0m
]]></system-out>
    <system-err><![CDATA[SLF4J: Failed to load class "org.slf4j.impl.StaticLoggerBinder".
SLF4J: Defaulting to no-operation (NOP) logger implementation
SLF4J: See http://www.slf4j.org/codes.html#StaticLoggerBinder for further details.
янв. 23, 2024 2:41:48 AM io.cucumber.junit.platform.engine.DiscoverySelectorResolver warnWhenCucumberFeaturesPropertyIsUsed
WARNING: Discovering tests using the cucumber.features property. Other discovery selectors are ignored!
Please request/upvote/sponsor/ect better support for JUnit 5 discovery selectors.
See: https://github.com/cucumber/cucumber-jvm/pull/2498
Starting ChromeDriver 120.0.6099.109 (3419140ab665596f21b385ce136419fde0924272-refs/branch-heads/6099@{#1483}) on port 22346
Only local connections are allowed.
Please see https://chromedriver.chromium.org/security-considerations for suggestions on keeping ChromeDriver safe.
ChromeDriver was started successfully.
янв. 23, 2024 2:41:51 AM org.openqa.selenium.remote.ProtocolHandshake createSession
INFO: Detected dialect: W3C
]]></system-err>
  </testcase>
  <testcase name="yspeshnoe dobavlenie tovara" classname="dobavlenie tovara" time="4.384">
    <system-out><![CDATA[
@UI
Scenario: yspeshnoe dobavlenie tovara   &amp#27;[90m# src/test/resources/features/firsttest.feature:5&amp#27;[0m
  &amp#27;[32m* &amp#27;[0m&amp#27;[32mopen page "Р“Р»Р°РІРЅР°СЏ"&amp#27;[0m                 &amp#27;[90m# framework.steps.step.open()&amp#27;[0m
  &amp#27;[32m* &amp#27;[0m&amp#27;[32melement visible &amp#27;[0m&amp#27;[32m&amp#27;[1m"Р“Р»Р°РІРЅР°СЏ"&amp#27;[0m           &amp#27;[90m# framework.steps.step.element_visible(java.lang.String)&amp#27;[0m
  &amp#27;[32m* &amp#27;[0m&amp#27;[32melement visible &amp#27;[0m&amp#27;[32m&amp#27;[1m"РџРµСЃРѕС‡РЅРёС†Р°"&amp#27;[0m         &amp#27;[90m# framework.steps.step.element_visible(java.lang.String)&amp#27;[0m
  &amp#27;[32m* &amp#27;[0m&amp#27;[32mclick on &amp#27;[0m&amp#27;[32m&amp#27;[1m"РџРµСЃРѕС‡РЅРёС†Р°"&amp#27;[0m                &amp#27;[90m# framework.steps.step.click_on(java.lang.String)&amp#27;[0m
  &amp#27;[32m* &amp#27;[0m&amp#27;[32melement visible &amp#27;[0m&amp#27;[32m&amp#27;[1m"РўРѕРІР°СЂС‹"&amp#27;[0m            &amp#27;[90m# framework.steps.step.element_visible(java.lang.String)&amp#27;[0m
  &amp#27;[32m* &amp#27;[0m&amp#27;[32mclick on &amp#27;[0m&amp#27;[32m&amp#27;[1m"РўРѕРІР°СЂС‹"&amp#27;[0m                   &amp#27;[90m# framework.steps.step.click_on(java.lang.String)&amp#27;[0m
  &amp#27;[32m* &amp#27;[0m&amp#27;[32melement visible &amp#27;[0m&amp#27;[32m&amp#27;[1m"РЎРїРёСЃРѕРє РўРѕРІР°СЂРѕРІ"&amp#27;[0m    &amp#27;[90m# framework.steps.step.element_visible(java.lang.String)&amp#27;[0m
  &amp#27;[32m* &amp#27;[0m&amp#27;[32melement visible &amp#27;[0m&amp#27;[32m&amp#27;[1m"Р”РѕР±Р°РІРёС‚СЊ"&amp#27;[0m          &amp#27;[90m# framework.steps.step.element_visible(java.lang.String)&amp#27;[0m
  &amp#27;[32m* &amp#27;[0m&amp#27;[32mclick on &amp#27;[0m&amp#27;[32m&amp#27;[1m"Р”РѕР±Р°РІРёС‚СЊ"&amp#27;[0m                 &amp#27;[90m# framework.steps.step.click_on(java.lang.String)&amp#27;[0m
  &amp#27;[32m* &amp#27;[0m&amp#27;[32melement visible &amp#27;[0m&amp#27;[32m&amp#27;[1m"Р”РѕР±Р°РІР»РµРЅРёРµ С‚РѕРІР°СЂР°"&amp#27;[0m &amp#27;[90m# framework.steps.step.element_visible(java.lang.String)&amp#27;[0m
  &amp#27;[32m* &amp#27;[0m&amp#27;[32melement visible &amp#27;[0m&amp#27;[32m&amp#27;[1m"РќР°РёРјРµРЅРѕРІР°РЅРёРµ"&amp#27;[0m      &amp#27;[90m# framework.steps.step.element_visible(java.lang.String)&amp#27;[0m
  &amp#27;[32m* &amp#27;[0m&amp#27;[32melement visible &amp#27;[0m&amp#27;[32m&amp#27;[1m"РўРёРї"&amp#27;[0m               &amp#27;[90m# framework.steps.step.element_visible(java.lang.String)&amp#27;[0m
  &amp#27;[32m* &amp#27;[0m&amp#27;[32melement visible &amp#27;[0m&amp#27;[32m&amp#27;[1m"Р§РµРєР±РѕРєСЃ"&amp#27;[0m           &amp#27;[90m# framework.steps.step.element_visible(java.lang.String)&amp#27;[0m
  &amp#27;[32m* &amp#27;[0m&amp#27;[32melement visible &amp#27;[0m&amp#27;[32m&amp#27;[1m"РЎРѕС…СЂР°РЅРёС‚СЊ"&amp#27;[0m         &amp#27;[90m# framework.steps.step.element_visible(java.lang.String)&amp#27;[0m
  &amp#27;[32m* &amp#27;[0m&amp#27;[32melement send &amp#27;[0m&amp#27;[32m&amp#27;[1m"Р¦СѓРєРёРЅРё256"&amp#27;[0m            &amp#27;[90m# framework.steps.step.sendk(java.lang.String)&amp#27;[0m
  &amp#27;[32m* &amp#27;[0m&amp#27;[32mclick on &amp#27;[0m&amp#27;[32m&amp#27;[1m"РћРІРѕС‰"&amp#27;[0m                     &amp#27;[90m# framework.steps.step.click_on(java.lang.String)&amp#27;[0m
  &amp#27;[32m* &amp#27;[0m&amp#27;[32mclick on &amp#27;[0m&amp#27;[32m&amp#27;[1m"Р§РµРєР±РѕРєСЃ"&amp#27;[0m                  &amp#27;[90m# framework.steps.step.click_on(java.lang.String)&amp#27;[0m
  &amp#27;[32m* &amp#27;[0m&amp#27;[32mclick on &amp#27;[0m&amp#27;[32m&amp#27;[1m"РЎРѕС…СЂР°РЅРёС‚СЊ"&amp#27;[0m                &amp#27;[90m# framework.steps.step.click_on(java.lang.String)&amp#27;[0m
  &amp#27;[32m* &amp#27;[0m&amp#27;[32mopen page "Р“Р»Р°РІРЅР°СЏ"&amp#27;[0m                 &amp#27;[90m# framework.steps.step.open()&amp#27;[0m
  &amp#27;[32m* &amp#27;[0m&amp#27;[32melement visible &amp#27;[0m&amp#27;[32m&amp#27;[1m"РЎРїРёСЃРѕРє РўРѕРІР°СЂРѕРІ"&amp#27;[0m    &amp#27;[90m# framework.steps.step.element_visible(java.lang.String)&amp#27;[0m
  &amp#27;[32m* &amp#27;[0m&amp#27;[32melement visible &amp#27;[0m&amp#27;[32m&amp#27;[1m"Р”РѕР±Р°РІРёС‚СЊ"&amp#27;[0m          &amp#27;[90m# framework.steps.step.element_visible(java.lang.String)&amp#27;[0m
  &amp#27;[32m* &amp#27;[0m&amp#27;[32mclick on &amp#27;[0m&amp#27;[32m&amp#27;[1m"Р”РѕР±Р°РІРёС‚СЊ"&amp#27;[0m                 &amp#27;[90m# framework.steps.step.click_on(java.lang.String)&amp#27;[0m
  &amp#27;[32m* &amp#27;[0m&amp#27;[32melement visible &amp#27;[0m&amp#27;[32m&amp#27;[1m"Р”РѕР±Р°РІР»РµРЅРёРµ С‚РѕРІР°СЂР°"&amp#27;[0m &amp#27;[90m# framework.steps.step.element_visible(java.lang.String)&amp#27;[0m
  &amp#27;[32m* &amp#27;[0m&amp#27;[32melement visible &amp#27;[0m&amp#27;[32m&amp#27;[1m"РќР°РёРјРµРЅРѕРІР°РЅРёРµ"&amp#27;[0m      &amp#27;[90m# framework.steps.step.element_visible(java.lang.String)&amp#27;[0m
  &amp#27;[32m* &amp#27;[0m&amp#27;[32melement visible &amp#27;[0m&amp#27;[32m&amp#27;[1m"РўРёРї"&amp#27;[0m               &amp#27;[90m# framework.steps.step.element_visible(java.lang.String)&amp#27;[0m
  &amp#27;[32m* &amp#27;[0m&amp#27;[32melement visible &amp#27;[0m&amp#27;[32m&amp#27;[1m"Р§РµРєР±РѕРєСЃ"&amp#27;[0m           &amp#27;[90m# framework.steps.step.element_visible(java.lang.String)&amp#27;[0m
  &amp#27;[32m* &amp#27;[0m&amp#27;[32melement visible &amp#27;[0m&amp#27;[32m&amp#27;[1m"РЎРѕС…СЂР°РЅРёС‚СЊ"&amp#27;[0m         &amp#27;[90m# framework.steps.step.element_visible(java.lang.String)&amp#27;[0m
  &amp#27;[32m* &amp#27;[0m&amp#27;[32melement send &amp#27;[0m&amp#27;[32m&amp#27;[1m"Р“СЂСѓС€Р°:СЃ"&amp#27;[0m              &amp#27;[90m# framework.steps.step.sendk(java.lang.String)&amp#27;[0m
  &amp#27;[32m* &amp#27;[0m&amp#27;[32mclick on &amp#27;[0m&amp#27;[32m&amp#27;[1m"Р¤СЂСѓРєС‚"&amp#27;[0m                    &amp#27;[90m# framework.steps.step.click_on(java.lang.String)&amp#27;[0m
  &amp#27;[32m* &amp#27;[0m&amp#27;[32mclick on &amp#27;[0m&amp#27;[32m&amp#27;[1m"Р§РµРєР±РѕРєСЃ"&amp#27;[0m                  &amp#27;[90m# framework.steps.step.click_on(java.lang.String)&amp#27;[0m
  &amp#27;[32m* &amp#27;[0m&amp#27;[32mclick on &amp#27;[0m&amp#27;[32m&amp#27;[1m"РЎРѕС…СЂР°РЅРёС‚СЊ"&amp#27;[0m                &amp#27;[90m# framework.steps.step.click_on(java.lang.String)&amp#27;[0m
  &amp#27;[32m* &amp#27;[0m&amp#27;[32mopen page "Р“Р»Р°РІРЅР°СЏ"&amp#27;[0m                 &amp#27;[90m# framework.steps.step.open()&amp#27;[0m
  &amp#27;[32m* &amp#27;[0m&amp#27;[32melement visible &amp#27;[0m&amp#27;[32m&amp#27;[1m"РџРµСЃРѕС‡РЅРёС†Р°"&amp#27;[0m         &amp#27;[90m# framework.steps.step.element_visible(java.lang.String)&amp#27;[0m
  &amp#27;[32m* &amp#27;[0m&amp#27;[32mclick on &amp#27;[0m&amp#27;[32m&amp#27;[1m"РџРµСЃРѕС‡РЅРёС†Р°"&amp#27;[0m                &amp#27;[90m# framework.steps.step.click_on(java.lang.String)&amp#27;[0m
  &amp#27;[32m* &amp#27;[0m&amp#27;[32melement visible &amp#27;[0m&amp#27;[32m&amp#27;[1m"РЎР±СЂРѕСЃРёС‚СЊ"&amp#27;[0m          &amp#27;[90m# framework.steps.step.element_visible(java.lang.String)&amp#27;[0m
]]></system-out>
  </testcase>
  <testcase name="Example #1.1" classname="Примеры" time="4.657">
    <system-out><![CDATA[
@API
РЎС‚СЂСѓРєС‚СѓСЂР° СЃС†РµРЅР°СЂРёСЏ: Р”РѕР±Р°РІР»РµРЅРёРµ С‚РѕРІР°СЂР° &amp#27;[90m# src/test/resources/features/rest.feature:25&amp#27;[0m
  &amp#27;[32m* &amp#27;[0m&amp#27;[32mРџРѕР»СѓС‡РµРЅР° С‚Р°Р±Р»РёС†Р°&amp#27;[0m                  &amp#27;[90m# framework.steps.RestStep.getTable()&amp#27;[0m
  &amp#27;[32mР—Р°С‚РµРј &amp#27;[0m&amp#27;[32mРґРѕР±Р°РІР»СЏСЋС‚СЃСЏ Р·РЅР°С‡РµРЅРёСЏ&amp#27;[0m          &amp#27;[90m# framework.steps.RestStep.addTable(java.util.Map<java.lang.String, java.lang.String>)&amp#27;[0m
    | field  | value      |
    | name   | Р¦СѓРєРёРЅРё256? |
    | type   | VEGETABLE  |
    | exotic | true       |
  &amp#27;[32m* &amp#27;[0m&amp#27;[32mРџРѕР»СѓС‡РµРЅР° С‚Р°Р±Р»РёС†Р°&amp#27;[0m                  &amp#27;[90m# framework.steps.RestStep.getTable()&amp#27;[0m
  &amp#27;[32m* &amp#27;[0m&amp#27;[32mРўР°Р±Р»РёС†Р° СЃРѕРґРµСЂР¶РёС‚ РїРѕР»СЏ&amp#27;[0m             &amp#27;[90m# framework.steps.RestStep.apiPage(java.util.Map<java.lang.String, java.lang.String>)&amp#27;[0m
    | field  | value      |
    | name   | Р¦СѓРєРёРЅРё256? |
    | type   | VEGETABLE  |
    | exotic | true       |
  &amp#27;[32m* &amp#27;[0m&amp#27;[32mРўР°Р±Р»РёС†Р° СЃР±СЂР°СЃС‹РІР°РµС‚СЃСЏ&amp#27;[0m              &amp#27;[90m# framework.steps.RestStep.tableReset()&amp#27;[0m
]]></system-out>
  </testcase>
  <testcase name="Example #1.2" classname="Примеры" time="0.234">
    <system-out><![CDATA[
@API
РЎС‚СЂСѓРєС‚СѓСЂР° СЃС†РµРЅР°СЂРёСЏ: Р”РѕР±Р°РІР»РµРЅРёРµ С‚РѕРІР°СЂР° &amp#27;[90m# src/test/resources/features/rest.feature:26&amp#27;[0m
  &amp#27;[32m* &amp#27;[0m&amp#27;[32mРџРѕР»СѓС‡РµРЅР° С‚Р°Р±Р»РёС†Р°&amp#27;[0m                  &amp#27;[90m# framework.steps.RestStep.getTable()&amp#27;[0m
  &amp#27;[32mР—Р°С‚РµРј &amp#27;[0m&amp#27;[32mРґРѕР±Р°РІР»СЏСЋС‚СЃСЏ Р·РЅР°С‡РµРЅРёСЏ&amp#27;[0m          &amp#27;[90m# framework.steps.RestStep.addTable(java.util.Map<java.lang.String, java.lang.String>)&amp#27;[0m
    | field  | value   |
    | name   | Р“СЂСѓС€Р°:СЃ |
    | type   | FRUIT   |
    | exotic | false   |
  &amp#27;[32m* &amp#27;[0m&amp#27;[32mРџРѕР»СѓС‡РµРЅР° С‚Р°Р±Р»РёС†Р°&amp#27;[0m                  &amp#27;[90m# framework.steps.RestStep.getTable()&amp#27;[0m
  &amp#27;[32m* &amp#27;[0m&amp#27;[32mРўР°Р±Р»РёС†Р° СЃРѕРґРµСЂР¶РёС‚ РїРѕР»СЏ&amp#27;[0m             &amp#27;[90m# framework.steps.RestStep.apiPage(java.util.Map<java.lang.String, java.lang.String>)&amp#27;[0m
    | field  | value   |
    | name   | Р“СЂСѓС€Р°:СЃ |
    | type   | FRUIT   |
    | exotic | false   |
  &amp#27;[32m* &amp#27;[0m&amp#27;[32mРўР°Р±Р»РёС†Р° СЃР±СЂР°СЃС‹РІР°РµС‚СЃСЏ&amp#27;[0m              &amp#27;[90m# framework.steps.RestStep.tableReset()&amp#27;[0m
]]></system-out>
  </testcase>
</testsuite>